<?xml version="1.0" encoding="UTF-8"?>
<!-- Generated by org.testng.reporters.JUnitReportReporter -->
<testsuite skipped="0" hostname="197blrnb4000147" name="paytmmoney.common.RequestSpecificationBuilder" tests="1" failures="0" timestamp="07 Jan 2019 12:59:04 GMT" time="1875.050" errors="0">
  <testcase name="test" time="1875.050" classname="paytmmoney.common.RequestSpecificationBuilder"/>
</testsuite> <!-- paytmmoney.common.RequestSpecificationBuilder -->
