<?xml version="1.0" encoding="UTF-8"?>
<!-- Generated by org.testng.reporters.JUnitReportReporter -->
<testsuite hostname="197blrnb4000147" failures="0" tests="1" name="paytm.paytmmoney.ApiUtils.BaseUtils" time="0.004" errors="0" timestamp="28 Dec 2018 12:12:51 GMT" skipped="0">
  <testcase classname="paytm.paytmmoney.ApiUtils.BaseUtils" name="test" time="0.004"/>
</testsuite> <!-- paytm.paytmmoney.ApiUtils.BaseUtils -->
