<?xml version="1.0" encoding="UTF-8"?>
<!-- Generated by org.testng.reporters.JUnitReportReporter -->
<testsuite skipped="0" hostname="197blrnb4000147" name="paytm.paytmmoney.paytmmoneyapi.AppTest" tests="1" failures="0" timestamp="17 Jan 2019 12:04:29 GMT" time="0.000" errors="0">
  <testcase name="testApp" time="0.000" classname="paytm.paytmmoney.paytmmoneyapi.AppTest"/>
</testsuite> <!-- paytm.paytmmoney.paytmmoneyapi.AppTest -->
